* using log directory 'C:/Users/ekohu/Documents/useR2019/foofactors.Rcheck'
* using R version 3.5.1 (2018-07-02)
* using platform: x86_64-w64-mingw32 (64-bit)
* using session charset: ISO8859-1
* using options '--no-manual --as-cran'
* checking for file 'foofactors/DESCRIPTION' ... OK
* this is package 'foofactors' version '0.0.0.9000'
* package encoding: UTF-8
* checking package namespace information ... OK
* checking package dependencies ... OK
* checking if this is a source package ... OK
* checking if there is a namespace ... OK
* checking for .dll and .exe files ... OK
* checking for hidden files and directories ... OK
* checking for portable file names ... OK
* checking serialization versions ... OK
* checking whether package 'foofactors' can be installed ... OK
* checking package directory ... OK
* checking DESCRIPTION meta-information ... OK
* checking top-level files ... OK
* checking for left-over files ... OK
* checking index information ... OK
* checking package subdirectories ... OK
* checking R files for non-ASCII characters ... OK
* checking R files for syntax errors ... OK
* checking whether the package can be loaded ... OK
* checking whether the package can be loaded with stated dependencies ... OK
* checking whether the package can be unloaded cleanly ... OK
* checking whether the namespace can be loaded with stated dependencies ... OK
* checking whether the namespace can be unloaded cleanly ... OK
* checking loading without being on the library search path ... OK
* checking dependencies in R code ... OK
* checking S3 generic/method consistency ... OK
* checking replacement functions ... OK
* checking foreign function calls ... OK
* checking R code for possible problems ... OK
* checking Rd files ... OK
* checking Rd metadata ... OK
* checking Rd line widths ... OK
* checking Rd cross-references ... OK
* checking for missing documentation entries ... OK
* checking for code/documentation mismatches ... OK
* checking Rd \usage sections ... WARNING
Undocumented arguments in documentation object 'fbind'
  'a' 'b'
Documented arguments not in \usage in documentation object 'fbind':
  'factor'

Functions with \usage entries need to have the appropriate \alias
entries, and all their arguments documented.
The \usage entries must correspond to syntactically valid R code.
See chapter 'Writing R documentation files' in the 'Writing R
Extensions' manual.
* checking Rd contents ... WARNING
Argument items with no description in Rd object 'fbind':
  'factor'

* checking for unstated dependencies in examples ... OK
* checking examples ... OK
* checking for unstated dependencies in 'tests' ... OK
* checking tests ... ERROR
  Running 'testthat.R'
Running the tests in 'tests/testthat.R' failed.
Last 13 lines of output:
  > library(foofactors)
  > 
  > test_check("foofactors")
  [31m--[39m [31m1. Failure: default where is far right (@test-add_col.R#21) [39m [31m---------------[39m
  add_col(df, "y", 2) not equal to data.frame(x = 1, y = 2).
  Names: 2 string mismatches
  Component 1: Mean relative difference: 0.5
  Component 2: Mean relative difference: 1
  
  == testthat results  ==========================================================
  OK: 7 SKIPPED: 0 WARNINGS: 0 FAILED: 1
  1. Failure: default where is far right (@test-add_col.R#21) 
  
  Error: testthat unit tests failed
  Execution halted
* DONE
Status: 1 ERROR, 2 WARNINGs
